<component name="libraryTable">
  <library name="junit-platform-console-standalone-1.10.2">
    <CLASSES>
      <root url="jar://$USER_HOME$/libs/junit5/junit-platform-console-standalone-1.10.2.jar!/" />
      <root url="file://$PROJECT_DIR$/../../../../../../libs/junit5" />
    </CLASSES>
    <JAVADOC />
    <SOURCES />
    <jarDirectory url="file://$PROJECT_DIR$/../../../../../../libs/junit5" recursive="false" />
  </library>
</component>